ARM GAS  /tmp/cc4NKaLo.s 			page 1


   1              		.cpu cortex-m4
   2              		.eabi_attribute 27, 1
   3              		.eabi_attribute 28, 1
   4              		.eabi_attribute 20, 1
   5              		.eabi_attribute 21, 1
   6              		.eabi_attribute 23, 3
   7              		.eabi_attribute 24, 1
   8              		.eabi_attribute 25, 1
   9              		.eabi_attribute 26, 1
  10              		.eabi_attribute 30, 6
  11              		.eabi_attribute 34, 1
  12              		.eabi_attribute 18, 4
  13              		.file	"stm32f4xx_hal_msp.c"
  14              		.text
  15              	.Ltext0:
  16              		.cfi_sections	.debug_frame
  17              		.comm	triggerMask,4,4
  18              		.comm	triggerValue,4,4
  19              		.comm	flags,2,2
  20              		.comm	period,2,2
  21              		.comm	transferSize,4,4
  22              		.section	.text.HAL_MspInit,"ax",%progbits
  23              		.align	1
  24              		.global	HAL_MspInit
  25              		.syntax unified
  26              		.thumb
  27              		.thumb_func
  28              		.fpu fpv4-sp-d16
  30              	HAL_MspInit:
  31              	.LFB130:
  32              		.file 1 "Src/stm32f4xx_hal_msp.c"
   1:Src/stm32f4xx_hal_msp.c **** /* USER CODE BEGIN Header */
   2:Src/stm32f4xx_hal_msp.c **** /**
   3:Src/stm32f4xx_hal_msp.c ****   ******************************************************************************
   4:Src/stm32f4xx_hal_msp.c ****   * File Name          : stm32f4xx_hal_msp.c
   5:Src/stm32f4xx_hal_msp.c ****   * Description        : This file provides code for the MSP Initialization 
   6:Src/stm32f4xx_hal_msp.c ****   *                      and de-Initialization codes.
   7:Src/stm32f4xx_hal_msp.c ****   ******************************************************************************
   8:Src/stm32f4xx_hal_msp.c ****   * @attention
   9:Src/stm32f4xx_hal_msp.c ****   *
  10:Src/stm32f4xx_hal_msp.c ****   * <h2><center>&copy; Copyright (c) 2020 STMicroelectronics.
  11:Src/stm32f4xx_hal_msp.c ****   * All rights reserved.</center></h2>
  12:Src/stm32f4xx_hal_msp.c ****   *
  13:Src/stm32f4xx_hal_msp.c ****   * This software component is licensed by ST under Ultimate Liberty license
  14:Src/stm32f4xx_hal_msp.c ****   * SLA0044, the "License"; You may not use this file except in compliance with
  15:Src/stm32f4xx_hal_msp.c ****   * the License. You may obtain a copy of the License at:
  16:Src/stm32f4xx_hal_msp.c ****   *                             www.st.com/SLA0044
  17:Src/stm32f4xx_hal_msp.c ****   *
  18:Src/stm32f4xx_hal_msp.c ****   ******************************************************************************
  19:Src/stm32f4xx_hal_msp.c ****   */
  20:Src/stm32f4xx_hal_msp.c **** /* USER CODE END Header */
  21:Src/stm32f4xx_hal_msp.c **** 
  22:Src/stm32f4xx_hal_msp.c **** /* Includes ------------------------------------------------------------------*/
  23:Src/stm32f4xx_hal_msp.c **** #include "main.h"
  24:Src/stm32f4xx_hal_msp.c **** /* USER CODE BEGIN Includes */
  25:Src/stm32f4xx_hal_msp.c **** 
  26:Src/stm32f4xx_hal_msp.c **** /* USER CODE END Includes */
ARM GAS  /tmp/cc4NKaLo.s 			page 2


  27:Src/stm32f4xx_hal_msp.c **** 
  28:Src/stm32f4xx_hal_msp.c **** /* Private typedef -----------------------------------------------------------*/
  29:Src/stm32f4xx_hal_msp.c **** /* USER CODE BEGIN TD */
  30:Src/stm32f4xx_hal_msp.c **** 
  31:Src/stm32f4xx_hal_msp.c **** /* USER CODE END TD */
  32:Src/stm32f4xx_hal_msp.c **** 
  33:Src/stm32f4xx_hal_msp.c **** /* Private define ------------------------------------------------------------*/
  34:Src/stm32f4xx_hal_msp.c **** /* USER CODE BEGIN Define */
  35:Src/stm32f4xx_hal_msp.c ****  
  36:Src/stm32f4xx_hal_msp.c **** /* USER CODE END Define */
  37:Src/stm32f4xx_hal_msp.c **** 
  38:Src/stm32f4xx_hal_msp.c **** /* Private macro -------------------------------------------------------------*/
  39:Src/stm32f4xx_hal_msp.c **** /* USER CODE BEGIN Macro */
  40:Src/stm32f4xx_hal_msp.c **** 
  41:Src/stm32f4xx_hal_msp.c **** /* USER CODE END Macro */
  42:Src/stm32f4xx_hal_msp.c **** 
  43:Src/stm32f4xx_hal_msp.c **** /* Private variables ---------------------------------------------------------*/
  44:Src/stm32f4xx_hal_msp.c **** /* USER CODE BEGIN PV */
  45:Src/stm32f4xx_hal_msp.c **** 
  46:Src/stm32f4xx_hal_msp.c **** /* USER CODE END PV */
  47:Src/stm32f4xx_hal_msp.c **** 
  48:Src/stm32f4xx_hal_msp.c **** /* Private function prototypes -----------------------------------------------*/
  49:Src/stm32f4xx_hal_msp.c **** /* USER CODE BEGIN PFP */
  50:Src/stm32f4xx_hal_msp.c **** 
  51:Src/stm32f4xx_hal_msp.c **** /* USER CODE END PFP */
  52:Src/stm32f4xx_hal_msp.c **** 
  53:Src/stm32f4xx_hal_msp.c **** /* External functions --------------------------------------------------------*/
  54:Src/stm32f4xx_hal_msp.c **** /* USER CODE BEGIN ExternalFunctions */
  55:Src/stm32f4xx_hal_msp.c **** 
  56:Src/stm32f4xx_hal_msp.c **** /* USER CODE END ExternalFunctions */
  57:Src/stm32f4xx_hal_msp.c **** 
  58:Src/stm32f4xx_hal_msp.c **** /* USER CODE BEGIN 0 */
  59:Src/stm32f4xx_hal_msp.c **** 
  60:Src/stm32f4xx_hal_msp.c **** /* USER CODE END 0 */
  61:Src/stm32f4xx_hal_msp.c **** /**
  62:Src/stm32f4xx_hal_msp.c ****   * Initializes the Global MSP.
  63:Src/stm32f4xx_hal_msp.c ****   */
  64:Src/stm32f4xx_hal_msp.c **** void HAL_MspInit(void)
  65:Src/stm32f4xx_hal_msp.c **** {
  33              		.loc 1 65 0
  34              		.cfi_startproc
  35              		@ args = 0, pretend = 0, frame = 8
  36              		@ frame_needed = 1, uses_anonymous_args = 0
  37              		@ link register save eliminated.
  38 0000 80B4     		push	{r7}
  39              	.LCFI0:
  40              		.cfi_def_cfa_offset 4
  41              		.cfi_offset 7, -4
  42 0002 83B0     		sub	sp, sp, #12
  43              	.LCFI1:
  44              		.cfi_def_cfa_offset 16
  45 0004 00AF     		add	r7, sp, #0
  46              	.LCFI2:
  47              		.cfi_def_cfa_register 7
  48              	.LBB2:
  66:Src/stm32f4xx_hal_msp.c ****   /* USER CODE BEGIN MspInit 0 */
  67:Src/stm32f4xx_hal_msp.c **** 
ARM GAS  /tmp/cc4NKaLo.s 			page 3


  68:Src/stm32f4xx_hal_msp.c ****   /* USER CODE END MspInit 0 */
  69:Src/stm32f4xx_hal_msp.c **** 
  70:Src/stm32f4xx_hal_msp.c ****   __HAL_RCC_SYSCFG_CLK_ENABLE();
  49              		.loc 1 70 0
  50 0006 0023     		movs	r3, #0
  51 0008 7B60     		str	r3, [r7, #4]
  52 000a 104B     		ldr	r3, .L2
  53 000c 5B6C     		ldr	r3, [r3, #68]
  54 000e 0F4A     		ldr	r2, .L2
  55 0010 43F48043 		orr	r3, r3, #16384
  56 0014 5364     		str	r3, [r2, #68]
  57 0016 0D4B     		ldr	r3, .L2
  58 0018 5B6C     		ldr	r3, [r3, #68]
  59 001a 03F48043 		and	r3, r3, #16384
  60 001e 7B60     		str	r3, [r7, #4]
  61 0020 7B68     		ldr	r3, [r7, #4]
  62              	.LBE2:
  63              	.LBB3:
  71:Src/stm32f4xx_hal_msp.c ****   __HAL_RCC_PWR_CLK_ENABLE();
  64              		.loc 1 71 0
  65 0022 0023     		movs	r3, #0
  66 0024 3B60     		str	r3, [r7]
  67 0026 094B     		ldr	r3, .L2
  68 0028 1B6C     		ldr	r3, [r3, #64]
  69 002a 084A     		ldr	r2, .L2
  70 002c 43F08053 		orr	r3, r3, #268435456
  71 0030 1364     		str	r3, [r2, #64]
  72 0032 064B     		ldr	r3, .L2
  73 0034 1B6C     		ldr	r3, [r3, #64]
  74 0036 03F08053 		and	r3, r3, #268435456
  75 003a 3B60     		str	r3, [r7]
  76 003c 3B68     		ldr	r3, [r7]
  77              	.LBE3:
  72:Src/stm32f4xx_hal_msp.c **** 
  73:Src/stm32f4xx_hal_msp.c ****   /* System interrupt init*/
  74:Src/stm32f4xx_hal_msp.c **** 
  75:Src/stm32f4xx_hal_msp.c ****   /* USER CODE BEGIN MspInit 1 */
  76:Src/stm32f4xx_hal_msp.c **** 
  77:Src/stm32f4xx_hal_msp.c ****   /* USER CODE END MspInit 1 */
  78:Src/stm32f4xx_hal_msp.c **** }
  78              		.loc 1 78 0
  79 003e 00BF     		nop
  80 0040 0C37     		adds	r7, r7, #12
  81              	.LCFI3:
  82              		.cfi_def_cfa_offset 4
  83 0042 BD46     		mov	sp, r7
  84              	.LCFI4:
  85              		.cfi_def_cfa_register 13
  86              		@ sp needed
  87 0044 5DF8047B 		ldr	r7, [sp], #4
  88              	.LCFI5:
  89              		.cfi_restore 7
  90              		.cfi_def_cfa_offset 0
  91 0048 7047     		bx	lr
  92              	.L3:
  93 004a 00BF     		.align	2
  94              	.L2:
ARM GAS  /tmp/cc4NKaLo.s 			page 4


  95 004c 00380240 		.word	1073887232
  96              		.cfi_endproc
  97              	.LFE130:
  99              		.text
 100              	.Letext0:
 101              		.file 2 "/usr/arm-none-eabi/include/machine/_default_types.h"
 102              		.file 3 "/usr/arm-none-eabi/include/sys/_stdint.h"
 103              		.file 4 "Drivers/CMSIS/Include/core_cm4.h"
 104              		.file 5 "Drivers/CMSIS/Device/ST/STM32F4xx/Include/system_stm32f4xx.h"
 105              		.file 6 "Drivers/CMSIS/Device/ST/STM32F4xx/Include/stm32f407xx.h"
 106              		.file 7 "Drivers/STM32F4xx_HAL_Driver/Inc/stm32f4xx_hal.h"
 107              		.file 8 "la/sampling.h"
ARM GAS  /tmp/cc4NKaLo.s 			page 5


DEFINED SYMBOLS
                            *ABS*:0000000000000000 stm32f4xx_hal_msp.c
                            *COM*:0000000000000004 triggerMask
                            *COM*:0000000000000004 triggerValue
                            *COM*:0000000000000002 flags
                            *COM*:0000000000000002 period
                            *COM*:0000000000000004 transferSize
     /tmp/cc4NKaLo.s:23     .text.HAL_MspInit:0000000000000000 $t
     /tmp/cc4NKaLo.s:30     .text.HAL_MspInit:0000000000000000 HAL_MspInit
     /tmp/cc4NKaLo.s:95     .text.HAL_MspInit:000000000000004c $d

NO UNDEFINED SYMBOLS
