ARM GAS  /tmp/ccVdTnhv.s 			page 1


   1              		.cpu cortex-m4
   2              		.eabi_attribute 27, 1
   3              		.eabi_attribute 28, 1
   4              		.eabi_attribute 20, 1
   5              		.eabi_attribute 21, 1
   6              		.eabi_attribute 23, 3
   7              		.eabi_attribute 24, 1
   8              		.eabi_attribute 25, 1
   9              		.eabi_attribute 26, 1
  10              		.eabi_attribute 30, 6
  11              		.eabi_attribute 34, 1
  12              		.eabi_attribute 18, 4
  13              		.file	"usbd_ioreq.c"
  14              		.text
  15              	.Ltext0:
  16              		.cfi_sections	.debug_frame
  17              		.comm	triggerMask,4,4
  18              		.comm	triggerValue,4,4
  19              		.comm	flags,2,2
  20              		.comm	period,2,2
  21              		.comm	transferSize,4,4
  22              		.section	.text.USBD_CtlSendData,"ax",%progbits
  23              		.align	1
  24              		.global	USBD_CtlSendData
  25              		.syntax unified
  26              		.thumb
  27              		.thumb_func
  28              		.fpu fpv4-sp-d16
  30              	USBD_CtlSendData:
  31              	.LFB133:
  32              		.file 1 "Middlewares/ST/STM32_USB_Device_Library/Core/Src/usbd_ioreq.c"
   1:Middlewares/ST/STM32_USB_Device_Library/Core/Src/usbd_ioreq.c **** /**
   2:Middlewares/ST/STM32_USB_Device_Library/Core/Src/usbd_ioreq.c ****   ******************************************************************************
   3:Middlewares/ST/STM32_USB_Device_Library/Core/Src/usbd_ioreq.c ****   * @file    usbd_ioreq.c
   4:Middlewares/ST/STM32_USB_Device_Library/Core/Src/usbd_ioreq.c ****   * @author  MCD Application Team
   5:Middlewares/ST/STM32_USB_Device_Library/Core/Src/usbd_ioreq.c ****   * @brief   This file provides the IO requests APIs for control endpoints.
   6:Middlewares/ST/STM32_USB_Device_Library/Core/Src/usbd_ioreq.c ****   ******************************************************************************
   7:Middlewares/ST/STM32_USB_Device_Library/Core/Src/usbd_ioreq.c ****   * @attention
   8:Middlewares/ST/STM32_USB_Device_Library/Core/Src/usbd_ioreq.c ****   *
   9:Middlewares/ST/STM32_USB_Device_Library/Core/Src/usbd_ioreq.c ****   * <h2><center>&copy; Copyright (c) 2015 STMicroelectronics.
  10:Middlewares/ST/STM32_USB_Device_Library/Core/Src/usbd_ioreq.c ****   * All rights reserved.</center></h2>
  11:Middlewares/ST/STM32_USB_Device_Library/Core/Src/usbd_ioreq.c ****   *
  12:Middlewares/ST/STM32_USB_Device_Library/Core/Src/usbd_ioreq.c ****   * This software component is licensed by ST under Ultimate Liberty license
  13:Middlewares/ST/STM32_USB_Device_Library/Core/Src/usbd_ioreq.c ****   * SLA0044, the "License"; You may not use this file except in compliance with
  14:Middlewares/ST/STM32_USB_Device_Library/Core/Src/usbd_ioreq.c ****   * the License. You may obtain a copy of the License at:
  15:Middlewares/ST/STM32_USB_Device_Library/Core/Src/usbd_ioreq.c ****   *                      http://www.st.com/SLA0044
  16:Middlewares/ST/STM32_USB_Device_Library/Core/Src/usbd_ioreq.c ****   *
  17:Middlewares/ST/STM32_USB_Device_Library/Core/Src/usbd_ioreq.c ****   ******************************************************************************
  18:Middlewares/ST/STM32_USB_Device_Library/Core/Src/usbd_ioreq.c ****   */
  19:Middlewares/ST/STM32_USB_Device_Library/Core/Src/usbd_ioreq.c **** 
  20:Middlewares/ST/STM32_USB_Device_Library/Core/Src/usbd_ioreq.c **** /* Includes ------------------------------------------------------------------*/
  21:Middlewares/ST/STM32_USB_Device_Library/Core/Src/usbd_ioreq.c **** #include "usbd_ioreq.h"
  22:Middlewares/ST/STM32_USB_Device_Library/Core/Src/usbd_ioreq.c **** 
  23:Middlewares/ST/STM32_USB_Device_Library/Core/Src/usbd_ioreq.c **** /** @addtogroup STM32_USB_DEVICE_LIBRARY
  24:Middlewares/ST/STM32_USB_Device_Library/Core/Src/usbd_ioreq.c ****   * @{
  25:Middlewares/ST/STM32_USB_Device_Library/Core/Src/usbd_ioreq.c ****   */
  26:Middlewares/ST/STM32_USB_Device_Library/Core/Src/usbd_ioreq.c **** 
ARM GAS  /tmp/ccVdTnhv.s 			page 2


  27:Middlewares/ST/STM32_USB_Device_Library/Core/Src/usbd_ioreq.c **** 
  28:Middlewares/ST/STM32_USB_Device_Library/Core/Src/usbd_ioreq.c **** /** @defgroup USBD_IOREQ
  29:Middlewares/ST/STM32_USB_Device_Library/Core/Src/usbd_ioreq.c ****   * @brief control I/O requests module
  30:Middlewares/ST/STM32_USB_Device_Library/Core/Src/usbd_ioreq.c ****   * @{
  31:Middlewares/ST/STM32_USB_Device_Library/Core/Src/usbd_ioreq.c ****   */
  32:Middlewares/ST/STM32_USB_Device_Library/Core/Src/usbd_ioreq.c **** 
  33:Middlewares/ST/STM32_USB_Device_Library/Core/Src/usbd_ioreq.c **** /** @defgroup USBD_IOREQ_Private_TypesDefinitions
  34:Middlewares/ST/STM32_USB_Device_Library/Core/Src/usbd_ioreq.c ****   * @{
  35:Middlewares/ST/STM32_USB_Device_Library/Core/Src/usbd_ioreq.c ****   */
  36:Middlewares/ST/STM32_USB_Device_Library/Core/Src/usbd_ioreq.c **** /**
  37:Middlewares/ST/STM32_USB_Device_Library/Core/Src/usbd_ioreq.c ****   * @}
  38:Middlewares/ST/STM32_USB_Device_Library/Core/Src/usbd_ioreq.c ****   */
  39:Middlewares/ST/STM32_USB_Device_Library/Core/Src/usbd_ioreq.c **** 
  40:Middlewares/ST/STM32_USB_Device_Library/Core/Src/usbd_ioreq.c **** 
  41:Middlewares/ST/STM32_USB_Device_Library/Core/Src/usbd_ioreq.c **** /** @defgroup USBD_IOREQ_Private_Defines
  42:Middlewares/ST/STM32_USB_Device_Library/Core/Src/usbd_ioreq.c ****   * @{
  43:Middlewares/ST/STM32_USB_Device_Library/Core/Src/usbd_ioreq.c ****   */
  44:Middlewares/ST/STM32_USB_Device_Library/Core/Src/usbd_ioreq.c **** 
  45:Middlewares/ST/STM32_USB_Device_Library/Core/Src/usbd_ioreq.c **** /**
  46:Middlewares/ST/STM32_USB_Device_Library/Core/Src/usbd_ioreq.c ****   * @}
  47:Middlewares/ST/STM32_USB_Device_Library/Core/Src/usbd_ioreq.c ****   */
  48:Middlewares/ST/STM32_USB_Device_Library/Core/Src/usbd_ioreq.c **** 
  49:Middlewares/ST/STM32_USB_Device_Library/Core/Src/usbd_ioreq.c **** 
  50:Middlewares/ST/STM32_USB_Device_Library/Core/Src/usbd_ioreq.c **** /** @defgroup USBD_IOREQ_Private_Macros
  51:Middlewares/ST/STM32_USB_Device_Library/Core/Src/usbd_ioreq.c ****   * @{
  52:Middlewares/ST/STM32_USB_Device_Library/Core/Src/usbd_ioreq.c ****   */
  53:Middlewares/ST/STM32_USB_Device_Library/Core/Src/usbd_ioreq.c **** /**
  54:Middlewares/ST/STM32_USB_Device_Library/Core/Src/usbd_ioreq.c ****   * @}
  55:Middlewares/ST/STM32_USB_Device_Library/Core/Src/usbd_ioreq.c ****   */
  56:Middlewares/ST/STM32_USB_Device_Library/Core/Src/usbd_ioreq.c **** 
  57:Middlewares/ST/STM32_USB_Device_Library/Core/Src/usbd_ioreq.c **** 
  58:Middlewares/ST/STM32_USB_Device_Library/Core/Src/usbd_ioreq.c **** /** @defgroup USBD_IOREQ_Private_Variables
  59:Middlewares/ST/STM32_USB_Device_Library/Core/Src/usbd_ioreq.c ****   * @{
  60:Middlewares/ST/STM32_USB_Device_Library/Core/Src/usbd_ioreq.c ****   */
  61:Middlewares/ST/STM32_USB_Device_Library/Core/Src/usbd_ioreq.c **** 
  62:Middlewares/ST/STM32_USB_Device_Library/Core/Src/usbd_ioreq.c **** /**
  63:Middlewares/ST/STM32_USB_Device_Library/Core/Src/usbd_ioreq.c ****   * @}
  64:Middlewares/ST/STM32_USB_Device_Library/Core/Src/usbd_ioreq.c ****   */
  65:Middlewares/ST/STM32_USB_Device_Library/Core/Src/usbd_ioreq.c **** 
  66:Middlewares/ST/STM32_USB_Device_Library/Core/Src/usbd_ioreq.c **** 
  67:Middlewares/ST/STM32_USB_Device_Library/Core/Src/usbd_ioreq.c **** /** @defgroup USBD_IOREQ_Private_FunctionPrototypes
  68:Middlewares/ST/STM32_USB_Device_Library/Core/Src/usbd_ioreq.c ****   * @{
  69:Middlewares/ST/STM32_USB_Device_Library/Core/Src/usbd_ioreq.c ****   */
  70:Middlewares/ST/STM32_USB_Device_Library/Core/Src/usbd_ioreq.c **** /**
  71:Middlewares/ST/STM32_USB_Device_Library/Core/Src/usbd_ioreq.c ****   * @}
  72:Middlewares/ST/STM32_USB_Device_Library/Core/Src/usbd_ioreq.c ****   */
  73:Middlewares/ST/STM32_USB_Device_Library/Core/Src/usbd_ioreq.c **** 
  74:Middlewares/ST/STM32_USB_Device_Library/Core/Src/usbd_ioreq.c **** 
  75:Middlewares/ST/STM32_USB_Device_Library/Core/Src/usbd_ioreq.c **** /** @defgroup USBD_IOREQ_Private_Functions
  76:Middlewares/ST/STM32_USB_Device_Library/Core/Src/usbd_ioreq.c ****   * @{
  77:Middlewares/ST/STM32_USB_Device_Library/Core/Src/usbd_ioreq.c ****   */
  78:Middlewares/ST/STM32_USB_Device_Library/Core/Src/usbd_ioreq.c **** 
  79:Middlewares/ST/STM32_USB_Device_Library/Core/Src/usbd_ioreq.c **** /**
  80:Middlewares/ST/STM32_USB_Device_Library/Core/Src/usbd_ioreq.c **** * @brief  USBD_CtlSendData
  81:Middlewares/ST/STM32_USB_Device_Library/Core/Src/usbd_ioreq.c **** *         send data on the ctl pipe
  82:Middlewares/ST/STM32_USB_Device_Library/Core/Src/usbd_ioreq.c **** * @param  pdev: device instance
  83:Middlewares/ST/STM32_USB_Device_Library/Core/Src/usbd_ioreq.c **** * @param  buff: pointer to data buffer
ARM GAS  /tmp/ccVdTnhv.s 			page 3


  84:Middlewares/ST/STM32_USB_Device_Library/Core/Src/usbd_ioreq.c **** * @param  len: length of data to be sent
  85:Middlewares/ST/STM32_USB_Device_Library/Core/Src/usbd_ioreq.c **** * @retval status
  86:Middlewares/ST/STM32_USB_Device_Library/Core/Src/usbd_ioreq.c **** */
  87:Middlewares/ST/STM32_USB_Device_Library/Core/Src/usbd_ioreq.c **** USBD_StatusTypeDef USBD_CtlSendData (USBD_HandleTypeDef *pdev, uint8_t *pbuf,
  88:Middlewares/ST/STM32_USB_Device_Library/Core/Src/usbd_ioreq.c ****                                      uint16_t len)
  89:Middlewares/ST/STM32_USB_Device_Library/Core/Src/usbd_ioreq.c **** {
  33              		.loc 1 89 0
  34              		.cfi_startproc
  35              		@ args = 0, pretend = 0, frame = 16
  36              		@ frame_needed = 1, uses_anonymous_args = 0
  37 0000 80B5     		push	{r7, lr}
  38              	.LCFI0:
  39              		.cfi_def_cfa_offset 8
  40              		.cfi_offset 7, -8
  41              		.cfi_offset 14, -4
  42 0002 84B0     		sub	sp, sp, #16
  43              	.LCFI1:
  44              		.cfi_def_cfa_offset 24
  45 0004 00AF     		add	r7, sp, #0
  46              	.LCFI2:
  47              		.cfi_def_cfa_register 7
  48 0006 F860     		str	r0, [r7, #12]
  49 0008 B960     		str	r1, [r7, #8]
  50 000a 1346     		mov	r3, r2
  51 000c FB80     		strh	r3, [r7, #6]	@ movhi
  90:Middlewares/ST/STM32_USB_Device_Library/Core/Src/usbd_ioreq.c ****   /* Set EP0 State */
  91:Middlewares/ST/STM32_USB_Device_Library/Core/Src/usbd_ioreq.c ****   pdev->ep0_state = USBD_EP0_DATA_IN;
  52              		.loc 1 91 0
  53 000e FB68     		ldr	r3, [r7, #12]
  54 0010 0222     		movs	r2, #2
  55 0012 C3F86C22 		str	r2, [r3, #620]
  92:Middlewares/ST/STM32_USB_Device_Library/Core/Src/usbd_ioreq.c ****   pdev->ep_in[0].total_length = len;
  56              		.loc 1 92 0
  57 0016 FA88     		ldrh	r2, [r7, #6]
  58 0018 FB68     		ldr	r3, [r7, #12]
  59 001a DA61     		str	r2, [r3, #28]
  93:Middlewares/ST/STM32_USB_Device_Library/Core/Src/usbd_ioreq.c ****   pdev->ep_in[0].rem_length   = len;
  60              		.loc 1 93 0
  61 001c FA88     		ldrh	r2, [r7, #6]
  62 001e FB68     		ldr	r3, [r7, #12]
  63 0020 1A62     		str	r2, [r3, #32]
  94:Middlewares/ST/STM32_USB_Device_Library/Core/Src/usbd_ioreq.c **** 
  95:Middlewares/ST/STM32_USB_Device_Library/Core/Src/usbd_ioreq.c ****  /* Start the transfer */
  96:Middlewares/ST/STM32_USB_Device_Library/Core/Src/usbd_ioreq.c ****   USBD_LL_Transmit (pdev, 0x00U, pbuf, len);
  64              		.loc 1 96 0
  65 0022 FB88     		ldrh	r3, [r7, #6]
  66 0024 BA68     		ldr	r2, [r7, #8]
  67 0026 0021     		movs	r1, #0
  68 0028 F868     		ldr	r0, [r7, #12]
  69 002a FFF7FEFF 		bl	USBD_LL_Transmit
  97:Middlewares/ST/STM32_USB_Device_Library/Core/Src/usbd_ioreq.c **** 
  98:Middlewares/ST/STM32_USB_Device_Library/Core/Src/usbd_ioreq.c ****   return USBD_OK;
  70              		.loc 1 98 0
  71 002e 0023     		movs	r3, #0
  99:Middlewares/ST/STM32_USB_Device_Library/Core/Src/usbd_ioreq.c **** }
  72              		.loc 1 99 0
  73 0030 1846     		mov	r0, r3
ARM GAS  /tmp/ccVdTnhv.s 			page 4


  74 0032 1037     		adds	r7, r7, #16
  75              	.LCFI3:
  76              		.cfi_def_cfa_offset 8
  77 0034 BD46     		mov	sp, r7
  78              	.LCFI4:
  79              		.cfi_def_cfa_register 13
  80              		@ sp needed
  81 0036 80BD     		pop	{r7, pc}
  82              		.cfi_endproc
  83              	.LFE133:
  85              		.section	.text.USBD_CtlContinueSendData,"ax",%progbits
  86              		.align	1
  87              		.global	USBD_CtlContinueSendData
  88              		.syntax unified
  89              		.thumb
  90              		.thumb_func
  91              		.fpu fpv4-sp-d16
  93              	USBD_CtlContinueSendData:
  94              	.LFB134:
 100:Middlewares/ST/STM32_USB_Device_Library/Core/Src/usbd_ioreq.c **** 
 101:Middlewares/ST/STM32_USB_Device_Library/Core/Src/usbd_ioreq.c **** /**
 102:Middlewares/ST/STM32_USB_Device_Library/Core/Src/usbd_ioreq.c **** * @brief  USBD_CtlContinueSendData
 103:Middlewares/ST/STM32_USB_Device_Library/Core/Src/usbd_ioreq.c **** *         continue sending data on the ctl pipe
 104:Middlewares/ST/STM32_USB_Device_Library/Core/Src/usbd_ioreq.c **** * @param  pdev: device instance
 105:Middlewares/ST/STM32_USB_Device_Library/Core/Src/usbd_ioreq.c **** * @param  buff: pointer to data buffer
 106:Middlewares/ST/STM32_USB_Device_Library/Core/Src/usbd_ioreq.c **** * @param  len: length of data to be sent
 107:Middlewares/ST/STM32_USB_Device_Library/Core/Src/usbd_ioreq.c **** * @retval status
 108:Middlewares/ST/STM32_USB_Device_Library/Core/Src/usbd_ioreq.c **** */
 109:Middlewares/ST/STM32_USB_Device_Library/Core/Src/usbd_ioreq.c **** USBD_StatusTypeDef USBD_CtlContinueSendData (USBD_HandleTypeDef *pdev,
 110:Middlewares/ST/STM32_USB_Device_Library/Core/Src/usbd_ioreq.c ****                                              uint8_t *pbuf, uint16_t len)
 111:Middlewares/ST/STM32_USB_Device_Library/Core/Src/usbd_ioreq.c **** {
  95              		.loc 1 111 0
  96              		.cfi_startproc
  97              		@ args = 0, pretend = 0, frame = 16
  98              		@ frame_needed = 1, uses_anonymous_args = 0
  99 0000 80B5     		push	{r7, lr}
 100              	.LCFI5:
 101              		.cfi_def_cfa_offset 8
 102              		.cfi_offset 7, -8
 103              		.cfi_offset 14, -4
 104 0002 84B0     		sub	sp, sp, #16
 105              	.LCFI6:
 106              		.cfi_def_cfa_offset 24
 107 0004 00AF     		add	r7, sp, #0
 108              	.LCFI7:
 109              		.cfi_def_cfa_register 7
 110 0006 F860     		str	r0, [r7, #12]
 111 0008 B960     		str	r1, [r7, #8]
 112 000a 1346     		mov	r3, r2
 113 000c FB80     		strh	r3, [r7, #6]	@ movhi
 112:Middlewares/ST/STM32_USB_Device_Library/Core/Src/usbd_ioreq.c ****  /* Start the next transfer */
 113:Middlewares/ST/STM32_USB_Device_Library/Core/Src/usbd_ioreq.c ****   USBD_LL_Transmit (pdev, 0x00U, pbuf, len);
 114              		.loc 1 113 0
 115 000e FB88     		ldrh	r3, [r7, #6]
 116 0010 BA68     		ldr	r2, [r7, #8]
 117 0012 0021     		movs	r1, #0
 118 0014 F868     		ldr	r0, [r7, #12]
ARM GAS  /tmp/ccVdTnhv.s 			page 5


 119 0016 FFF7FEFF 		bl	USBD_LL_Transmit
 114:Middlewares/ST/STM32_USB_Device_Library/Core/Src/usbd_ioreq.c **** 
 115:Middlewares/ST/STM32_USB_Device_Library/Core/Src/usbd_ioreq.c ****   return USBD_OK;
 120              		.loc 1 115 0
 121 001a 0023     		movs	r3, #0
 116:Middlewares/ST/STM32_USB_Device_Library/Core/Src/usbd_ioreq.c **** }
 122              		.loc 1 116 0
 123 001c 1846     		mov	r0, r3
 124 001e 1037     		adds	r7, r7, #16
 125              	.LCFI8:
 126              		.cfi_def_cfa_offset 8
 127 0020 BD46     		mov	sp, r7
 128              	.LCFI9:
 129              		.cfi_def_cfa_register 13
 130              		@ sp needed
 131 0022 80BD     		pop	{r7, pc}
 132              		.cfi_endproc
 133              	.LFE134:
 135              		.section	.text.USBD_CtlPrepareRx,"ax",%progbits
 136              		.align	1
 137              		.global	USBD_CtlPrepareRx
 138              		.syntax unified
 139              		.thumb
 140              		.thumb_func
 141              		.fpu fpv4-sp-d16
 143              	USBD_CtlPrepareRx:
 144              	.LFB135:
 117:Middlewares/ST/STM32_USB_Device_Library/Core/Src/usbd_ioreq.c **** 
 118:Middlewares/ST/STM32_USB_Device_Library/Core/Src/usbd_ioreq.c **** /**
 119:Middlewares/ST/STM32_USB_Device_Library/Core/Src/usbd_ioreq.c **** * @brief  USBD_CtlPrepareRx
 120:Middlewares/ST/STM32_USB_Device_Library/Core/Src/usbd_ioreq.c **** *         receive data on the ctl pipe
 121:Middlewares/ST/STM32_USB_Device_Library/Core/Src/usbd_ioreq.c **** * @param  pdev: device instance
 122:Middlewares/ST/STM32_USB_Device_Library/Core/Src/usbd_ioreq.c **** * @param  buff: pointer to data buffer
 123:Middlewares/ST/STM32_USB_Device_Library/Core/Src/usbd_ioreq.c **** * @param  len: length of data to be received
 124:Middlewares/ST/STM32_USB_Device_Library/Core/Src/usbd_ioreq.c **** * @retval status
 125:Middlewares/ST/STM32_USB_Device_Library/Core/Src/usbd_ioreq.c **** */
 126:Middlewares/ST/STM32_USB_Device_Library/Core/Src/usbd_ioreq.c **** USBD_StatusTypeDef USBD_CtlPrepareRx (USBD_HandleTypeDef *pdev, uint8_t *pbuf,
 127:Middlewares/ST/STM32_USB_Device_Library/Core/Src/usbd_ioreq.c ****                                       uint16_t len)
 128:Middlewares/ST/STM32_USB_Device_Library/Core/Src/usbd_ioreq.c **** {
 145              		.loc 1 128 0
 146              		.cfi_startproc
 147              		@ args = 0, pretend = 0, frame = 16
 148              		@ frame_needed = 1, uses_anonymous_args = 0
 149 0000 80B5     		push	{r7, lr}
 150              	.LCFI10:
 151              		.cfi_def_cfa_offset 8
 152              		.cfi_offset 7, -8
 153              		.cfi_offset 14, -4
 154 0002 84B0     		sub	sp, sp, #16
 155              	.LCFI11:
 156              		.cfi_def_cfa_offset 24
 157 0004 00AF     		add	r7, sp, #0
 158              	.LCFI12:
 159              		.cfi_def_cfa_register 7
 160 0006 F860     		str	r0, [r7, #12]
 161 0008 B960     		str	r1, [r7, #8]
 162 000a 1346     		mov	r3, r2
ARM GAS  /tmp/ccVdTnhv.s 			page 6


 163 000c FB80     		strh	r3, [r7, #6]	@ movhi
 129:Middlewares/ST/STM32_USB_Device_Library/Core/Src/usbd_ioreq.c ****   /* Set EP0 State */
 130:Middlewares/ST/STM32_USB_Device_Library/Core/Src/usbd_ioreq.c ****   pdev->ep0_state = USBD_EP0_DATA_OUT;
 164              		.loc 1 130 0
 165 000e FB68     		ldr	r3, [r7, #12]
 166 0010 0322     		movs	r2, #3
 167 0012 C3F86C22 		str	r2, [r3, #620]
 131:Middlewares/ST/STM32_USB_Device_Library/Core/Src/usbd_ioreq.c ****   pdev->ep_out[0].total_length = len;
 168              		.loc 1 131 0
 169 0016 FA88     		ldrh	r2, [r7, #6]
 170 0018 FB68     		ldr	r3, [r7, #12]
 171 001a C3F84821 		str	r2, [r3, #328]
 132:Middlewares/ST/STM32_USB_Device_Library/Core/Src/usbd_ioreq.c ****   pdev->ep_out[0].rem_length   = len;
 172              		.loc 1 132 0
 173 001e FA88     		ldrh	r2, [r7, #6]
 174 0020 FB68     		ldr	r3, [r7, #12]
 175 0022 C3F84C21 		str	r2, [r3, #332]
 133:Middlewares/ST/STM32_USB_Device_Library/Core/Src/usbd_ioreq.c **** 
 134:Middlewares/ST/STM32_USB_Device_Library/Core/Src/usbd_ioreq.c ****   /* Start the transfer */
 135:Middlewares/ST/STM32_USB_Device_Library/Core/Src/usbd_ioreq.c ****   USBD_LL_PrepareReceive (pdev, 0U, pbuf, len);
 176              		.loc 1 135 0
 177 0026 FB88     		ldrh	r3, [r7, #6]
 178 0028 BA68     		ldr	r2, [r7, #8]
 179 002a 0021     		movs	r1, #0
 180 002c F868     		ldr	r0, [r7, #12]
 181 002e FFF7FEFF 		bl	USBD_LL_PrepareReceive
 136:Middlewares/ST/STM32_USB_Device_Library/Core/Src/usbd_ioreq.c **** 
 137:Middlewares/ST/STM32_USB_Device_Library/Core/Src/usbd_ioreq.c ****   return USBD_OK;
 182              		.loc 1 137 0
 183 0032 0023     		movs	r3, #0
 138:Middlewares/ST/STM32_USB_Device_Library/Core/Src/usbd_ioreq.c **** }
 184              		.loc 1 138 0
 185 0034 1846     		mov	r0, r3
 186 0036 1037     		adds	r7, r7, #16
 187              	.LCFI13:
 188              		.cfi_def_cfa_offset 8
 189 0038 BD46     		mov	sp, r7
 190              	.LCFI14:
 191              		.cfi_def_cfa_register 13
 192              		@ sp needed
 193 003a 80BD     		pop	{r7, pc}
 194              		.cfi_endproc
 195              	.LFE135:
 197              		.section	.text.USBD_CtlContinueRx,"ax",%progbits
 198              		.align	1
 199              		.global	USBD_CtlContinueRx
 200              		.syntax unified
 201              		.thumb
 202              		.thumb_func
 203              		.fpu fpv4-sp-d16
 205              	USBD_CtlContinueRx:
 206              	.LFB136:
 139:Middlewares/ST/STM32_USB_Device_Library/Core/Src/usbd_ioreq.c **** 
 140:Middlewares/ST/STM32_USB_Device_Library/Core/Src/usbd_ioreq.c **** /**
 141:Middlewares/ST/STM32_USB_Device_Library/Core/Src/usbd_ioreq.c **** * @brief  USBD_CtlContinueRx
 142:Middlewares/ST/STM32_USB_Device_Library/Core/Src/usbd_ioreq.c **** *         continue receive data on the ctl pipe
 143:Middlewares/ST/STM32_USB_Device_Library/Core/Src/usbd_ioreq.c **** * @param  pdev: device instance
ARM GAS  /tmp/ccVdTnhv.s 			page 7


 144:Middlewares/ST/STM32_USB_Device_Library/Core/Src/usbd_ioreq.c **** * @param  buff: pointer to data buffer
 145:Middlewares/ST/STM32_USB_Device_Library/Core/Src/usbd_ioreq.c **** * @param  len: length of data to be received
 146:Middlewares/ST/STM32_USB_Device_Library/Core/Src/usbd_ioreq.c **** * @retval status
 147:Middlewares/ST/STM32_USB_Device_Library/Core/Src/usbd_ioreq.c **** */
 148:Middlewares/ST/STM32_USB_Device_Library/Core/Src/usbd_ioreq.c **** USBD_StatusTypeDef USBD_CtlContinueRx (USBD_HandleTypeDef *pdev, uint8_t *pbuf,
 149:Middlewares/ST/STM32_USB_Device_Library/Core/Src/usbd_ioreq.c ****                                        uint16_t len)
 150:Middlewares/ST/STM32_USB_Device_Library/Core/Src/usbd_ioreq.c **** {
 207              		.loc 1 150 0
 208              		.cfi_startproc
 209              		@ args = 0, pretend = 0, frame = 16
 210              		@ frame_needed = 1, uses_anonymous_args = 0
 211 0000 80B5     		push	{r7, lr}
 212              	.LCFI15:
 213              		.cfi_def_cfa_offset 8
 214              		.cfi_offset 7, -8
 215              		.cfi_offset 14, -4
 216 0002 84B0     		sub	sp, sp, #16
 217              	.LCFI16:
 218              		.cfi_def_cfa_offset 24
 219 0004 00AF     		add	r7, sp, #0
 220              	.LCFI17:
 221              		.cfi_def_cfa_register 7
 222 0006 F860     		str	r0, [r7, #12]
 223 0008 B960     		str	r1, [r7, #8]
 224 000a 1346     		mov	r3, r2
 225 000c FB80     		strh	r3, [r7, #6]	@ movhi
 151:Middlewares/ST/STM32_USB_Device_Library/Core/Src/usbd_ioreq.c ****   USBD_LL_PrepareReceive(pdev, 0U, pbuf, len);
 226              		.loc 1 151 0
 227 000e FB88     		ldrh	r3, [r7, #6]
 228 0010 BA68     		ldr	r2, [r7, #8]
 229 0012 0021     		movs	r1, #0
 230 0014 F868     		ldr	r0, [r7, #12]
 231 0016 FFF7FEFF 		bl	USBD_LL_PrepareReceive
 152:Middlewares/ST/STM32_USB_Device_Library/Core/Src/usbd_ioreq.c **** 
 153:Middlewares/ST/STM32_USB_Device_Library/Core/Src/usbd_ioreq.c ****   return USBD_OK;
 232              		.loc 1 153 0
 233 001a 0023     		movs	r3, #0
 154:Middlewares/ST/STM32_USB_Device_Library/Core/Src/usbd_ioreq.c **** }
 234              		.loc 1 154 0
 235 001c 1846     		mov	r0, r3
 236 001e 1037     		adds	r7, r7, #16
 237              	.LCFI18:
 238              		.cfi_def_cfa_offset 8
 239 0020 BD46     		mov	sp, r7
 240              	.LCFI19:
 241              		.cfi_def_cfa_register 13
 242              		@ sp needed
 243 0022 80BD     		pop	{r7, pc}
 244              		.cfi_endproc
 245              	.LFE136:
 247              		.section	.text.USBD_CtlSendStatus,"ax",%progbits
 248              		.align	1
 249              		.global	USBD_CtlSendStatus
 250              		.syntax unified
 251              		.thumb
 252              		.thumb_func
 253              		.fpu fpv4-sp-d16
ARM GAS  /tmp/ccVdTnhv.s 			page 8


 255              	USBD_CtlSendStatus:
 256              	.LFB137:
 155:Middlewares/ST/STM32_USB_Device_Library/Core/Src/usbd_ioreq.c **** 
 156:Middlewares/ST/STM32_USB_Device_Library/Core/Src/usbd_ioreq.c **** /**
 157:Middlewares/ST/STM32_USB_Device_Library/Core/Src/usbd_ioreq.c **** * @brief  USBD_CtlSendStatus
 158:Middlewares/ST/STM32_USB_Device_Library/Core/Src/usbd_ioreq.c **** *         send zero lzngth packet on the ctl pipe
 159:Middlewares/ST/STM32_USB_Device_Library/Core/Src/usbd_ioreq.c **** * @param  pdev: device instance
 160:Middlewares/ST/STM32_USB_Device_Library/Core/Src/usbd_ioreq.c **** * @retval status
 161:Middlewares/ST/STM32_USB_Device_Library/Core/Src/usbd_ioreq.c **** */
 162:Middlewares/ST/STM32_USB_Device_Library/Core/Src/usbd_ioreq.c **** USBD_StatusTypeDef USBD_CtlSendStatus (USBD_HandleTypeDef *pdev)
 163:Middlewares/ST/STM32_USB_Device_Library/Core/Src/usbd_ioreq.c **** {
 257              		.loc 1 163 0
 258              		.cfi_startproc
 259              		@ args = 0, pretend = 0, frame = 8
 260              		@ frame_needed = 1, uses_anonymous_args = 0
 261 0000 80B5     		push	{r7, lr}
 262              	.LCFI20:
 263              		.cfi_def_cfa_offset 8
 264              		.cfi_offset 7, -8
 265              		.cfi_offset 14, -4
 266 0002 82B0     		sub	sp, sp, #8
 267              	.LCFI21:
 268              		.cfi_def_cfa_offset 16
 269 0004 00AF     		add	r7, sp, #0
 270              	.LCFI22:
 271              		.cfi_def_cfa_register 7
 272 0006 7860     		str	r0, [r7, #4]
 164:Middlewares/ST/STM32_USB_Device_Library/Core/Src/usbd_ioreq.c ****   /* Set EP0 State */
 165:Middlewares/ST/STM32_USB_Device_Library/Core/Src/usbd_ioreq.c ****   pdev->ep0_state = USBD_EP0_STATUS_IN;
 273              		.loc 1 165 0
 274 0008 7B68     		ldr	r3, [r7, #4]
 275 000a 0422     		movs	r2, #4
 276 000c C3F86C22 		str	r2, [r3, #620]
 166:Middlewares/ST/STM32_USB_Device_Library/Core/Src/usbd_ioreq.c **** 
 167:Middlewares/ST/STM32_USB_Device_Library/Core/Src/usbd_ioreq.c ****   /* Start the transfer */
 168:Middlewares/ST/STM32_USB_Device_Library/Core/Src/usbd_ioreq.c ****   USBD_LL_Transmit(pdev, 0x00U, NULL, 0U);
 277              		.loc 1 168 0
 278 0010 0023     		movs	r3, #0
 279 0012 0022     		movs	r2, #0
 280 0014 0021     		movs	r1, #0
 281 0016 7868     		ldr	r0, [r7, #4]
 282 0018 FFF7FEFF 		bl	USBD_LL_Transmit
 169:Middlewares/ST/STM32_USB_Device_Library/Core/Src/usbd_ioreq.c **** 
 170:Middlewares/ST/STM32_USB_Device_Library/Core/Src/usbd_ioreq.c ****   return USBD_OK;
 283              		.loc 1 170 0
 284 001c 0023     		movs	r3, #0
 171:Middlewares/ST/STM32_USB_Device_Library/Core/Src/usbd_ioreq.c **** }
 285              		.loc 1 171 0
 286 001e 1846     		mov	r0, r3
 287 0020 0837     		adds	r7, r7, #8
 288              	.LCFI23:
 289              		.cfi_def_cfa_offset 8
 290 0022 BD46     		mov	sp, r7
 291              	.LCFI24:
 292              		.cfi_def_cfa_register 13
 293              		@ sp needed
 294 0024 80BD     		pop	{r7, pc}
ARM GAS  /tmp/ccVdTnhv.s 			page 9


 295              		.cfi_endproc
 296              	.LFE137:
 298              		.section	.text.USBD_CtlReceiveStatus,"ax",%progbits
 299              		.align	1
 300              		.global	USBD_CtlReceiveStatus
 301              		.syntax unified
 302              		.thumb
 303              		.thumb_func
 304              		.fpu fpv4-sp-d16
 306              	USBD_CtlReceiveStatus:
 307              	.LFB138:
 172:Middlewares/ST/STM32_USB_Device_Library/Core/Src/usbd_ioreq.c **** 
 173:Middlewares/ST/STM32_USB_Device_Library/Core/Src/usbd_ioreq.c **** /**
 174:Middlewares/ST/STM32_USB_Device_Library/Core/Src/usbd_ioreq.c **** * @brief  USBD_CtlReceiveStatus
 175:Middlewares/ST/STM32_USB_Device_Library/Core/Src/usbd_ioreq.c **** *         receive zero lzngth packet on the ctl pipe
 176:Middlewares/ST/STM32_USB_Device_Library/Core/Src/usbd_ioreq.c **** * @param  pdev: device instance
 177:Middlewares/ST/STM32_USB_Device_Library/Core/Src/usbd_ioreq.c **** * @retval status
 178:Middlewares/ST/STM32_USB_Device_Library/Core/Src/usbd_ioreq.c **** */
 179:Middlewares/ST/STM32_USB_Device_Library/Core/Src/usbd_ioreq.c **** USBD_StatusTypeDef USBD_CtlReceiveStatus (USBD_HandleTypeDef *pdev)
 180:Middlewares/ST/STM32_USB_Device_Library/Core/Src/usbd_ioreq.c **** {
 308              		.loc 1 180 0
 309              		.cfi_startproc
 310              		@ args = 0, pretend = 0, frame = 8
 311              		@ frame_needed = 1, uses_anonymous_args = 0
 312 0000 80B5     		push	{r7, lr}
 313              	.LCFI25:
 314              		.cfi_def_cfa_offset 8
 315              		.cfi_offset 7, -8
 316              		.cfi_offset 14, -4
 317 0002 82B0     		sub	sp, sp, #8
 318              	.LCFI26:
 319              		.cfi_def_cfa_offset 16
 320 0004 00AF     		add	r7, sp, #0
 321              	.LCFI27:
 322              		.cfi_def_cfa_register 7
 323 0006 7860     		str	r0, [r7, #4]
 181:Middlewares/ST/STM32_USB_Device_Library/Core/Src/usbd_ioreq.c ****   /* Set EP0 State */
 182:Middlewares/ST/STM32_USB_Device_Library/Core/Src/usbd_ioreq.c ****   pdev->ep0_state = USBD_EP0_STATUS_OUT;
 324              		.loc 1 182 0
 325 0008 7B68     		ldr	r3, [r7, #4]
 326 000a 0522     		movs	r2, #5
 327 000c C3F86C22 		str	r2, [r3, #620]
 183:Middlewares/ST/STM32_USB_Device_Library/Core/Src/usbd_ioreq.c **** 
 184:Middlewares/ST/STM32_USB_Device_Library/Core/Src/usbd_ioreq.c ****  /* Start the transfer */
 185:Middlewares/ST/STM32_USB_Device_Library/Core/Src/usbd_ioreq.c ****   USBD_LL_PrepareReceive (pdev, 0U, NULL, 0U);
 328              		.loc 1 185 0
 329 0010 0023     		movs	r3, #0
 330 0012 0022     		movs	r2, #0
 331 0014 0021     		movs	r1, #0
 332 0016 7868     		ldr	r0, [r7, #4]
 333 0018 FFF7FEFF 		bl	USBD_LL_PrepareReceive
 186:Middlewares/ST/STM32_USB_Device_Library/Core/Src/usbd_ioreq.c **** 
 187:Middlewares/ST/STM32_USB_Device_Library/Core/Src/usbd_ioreq.c ****   return USBD_OK;
 334              		.loc 1 187 0
 335 001c 0023     		movs	r3, #0
 188:Middlewares/ST/STM32_USB_Device_Library/Core/Src/usbd_ioreq.c **** }
 336              		.loc 1 188 0
ARM GAS  /tmp/ccVdTnhv.s 			page 10


 337 001e 1846     		mov	r0, r3
 338 0020 0837     		adds	r7, r7, #8
 339              	.LCFI28:
 340              		.cfi_def_cfa_offset 8
 341 0022 BD46     		mov	sp, r7
 342              	.LCFI29:
 343              		.cfi_def_cfa_register 13
 344              		@ sp needed
 345 0024 80BD     		pop	{r7, pc}
 346              		.cfi_endproc
 347              	.LFE138:
 349              		.section	.text.USBD_GetRxCount,"ax",%progbits
 350              		.align	1
 351              		.global	USBD_GetRxCount
 352              		.syntax unified
 353              		.thumb
 354              		.thumb_func
 355              		.fpu fpv4-sp-d16
 357              	USBD_GetRxCount:
 358              	.LFB139:
 189:Middlewares/ST/STM32_USB_Device_Library/Core/Src/usbd_ioreq.c **** 
 190:Middlewares/ST/STM32_USB_Device_Library/Core/Src/usbd_ioreq.c **** /**
 191:Middlewares/ST/STM32_USB_Device_Library/Core/Src/usbd_ioreq.c **** * @brief  USBD_GetRxCount
 192:Middlewares/ST/STM32_USB_Device_Library/Core/Src/usbd_ioreq.c **** *         returns the received data length
 193:Middlewares/ST/STM32_USB_Device_Library/Core/Src/usbd_ioreq.c **** * @param  pdev: device instance
 194:Middlewares/ST/STM32_USB_Device_Library/Core/Src/usbd_ioreq.c **** * @param  ep_addr: endpoint address
 195:Middlewares/ST/STM32_USB_Device_Library/Core/Src/usbd_ioreq.c **** * @retval Rx Data blength
 196:Middlewares/ST/STM32_USB_Device_Library/Core/Src/usbd_ioreq.c **** */
 197:Middlewares/ST/STM32_USB_Device_Library/Core/Src/usbd_ioreq.c **** uint32_t USBD_GetRxCount (USBD_HandleTypeDef *pdev, uint8_t ep_addr)
 198:Middlewares/ST/STM32_USB_Device_Library/Core/Src/usbd_ioreq.c **** {
 359              		.loc 1 198 0
 360              		.cfi_startproc
 361              		@ args = 0, pretend = 0, frame = 8
 362              		@ frame_needed = 1, uses_anonymous_args = 0
 363 0000 80B5     		push	{r7, lr}
 364              	.LCFI30:
 365              		.cfi_def_cfa_offset 8
 366              		.cfi_offset 7, -8
 367              		.cfi_offset 14, -4
 368 0002 82B0     		sub	sp, sp, #8
 369              	.LCFI31:
 370              		.cfi_def_cfa_offset 16
 371 0004 00AF     		add	r7, sp, #0
 372              	.LCFI32:
 373              		.cfi_def_cfa_register 7
 374 0006 7860     		str	r0, [r7, #4]
 375 0008 0B46     		mov	r3, r1
 376 000a FB70     		strb	r3, [r7, #3]
 199:Middlewares/ST/STM32_USB_Device_Library/Core/Src/usbd_ioreq.c ****   return USBD_LL_GetRxDataSize(pdev, ep_addr);
 377              		.loc 1 199 0
 378 000c FB78     		ldrb	r3, [r7, #3]	@ zero_extendqisi2
 379 000e 1946     		mov	r1, r3
 380 0010 7868     		ldr	r0, [r7, #4]
 381 0012 FFF7FEFF 		bl	USBD_LL_GetRxDataSize
 382 0016 0346     		mov	r3, r0
 200:Middlewares/ST/STM32_USB_Device_Library/Core/Src/usbd_ioreq.c **** }
 383              		.loc 1 200 0
ARM GAS  /tmp/ccVdTnhv.s 			page 11


 384 0018 1846     		mov	r0, r3
 385 001a 0837     		adds	r7, r7, #8
 386              	.LCFI33:
 387              		.cfi_def_cfa_offset 8
 388 001c BD46     		mov	sp, r7
 389              	.LCFI34:
 390              		.cfi_def_cfa_register 13
 391              		@ sp needed
 392 001e 80BD     		pop	{r7, pc}
 393              		.cfi_endproc
 394              	.LFE139:
 396              		.text
 397              	.Letext0:
 398              		.file 2 "/usr/arm-none-eabi/include/machine/_default_types.h"
 399              		.file 3 "/usr/arm-none-eabi/include/sys/lock.h"
 400              		.file 4 "/usr/arm-none-eabi/include/sys/_types.h"
 401              		.file 5 "/usr/lib/gcc/arm-none-eabi/7.3.1/include/stddef.h"
 402              		.file 6 "/usr/arm-none-eabi/include/sys/reent.h"
 403              		.file 7 "/usr/arm-none-eabi/include/sys/_stdint.h"
 404              		.file 8 "/usr/arm-none-eabi/include/stdlib.h"
 405              		.file 9 "Drivers/CMSIS/Include/core_cm4.h"
 406              		.file 10 "Drivers/CMSIS/Device/ST/STM32F4xx/Include/system_stm32f4xx.h"
 407              		.file 11 "Drivers/STM32F4xx_HAL_Driver/Inc/stm32f4xx_hal.h"
 408              		.file 12 "la/sampling.h"
 409              		.file 13 "Middlewares/ST/STM32_USB_Device_Library/Core/Inc/usbd_def.h"
ARM GAS  /tmp/ccVdTnhv.s 			page 12


DEFINED SYMBOLS
                            *ABS*:0000000000000000 usbd_ioreq.c
                            *COM*:0000000000000004 triggerMask
                            *COM*:0000000000000004 triggerValue
                            *COM*:0000000000000002 flags
                            *COM*:0000000000000002 period
                            *COM*:0000000000000004 transferSize
     /tmp/ccVdTnhv.s:23     .text.USBD_CtlSendData:0000000000000000 $t
     /tmp/ccVdTnhv.s:30     .text.USBD_CtlSendData:0000000000000000 USBD_CtlSendData
     /tmp/ccVdTnhv.s:86     .text.USBD_CtlContinueSendData:0000000000000000 $t
     /tmp/ccVdTnhv.s:93     .text.USBD_CtlContinueSendData:0000000000000000 USBD_CtlContinueSendData
     /tmp/ccVdTnhv.s:136    .text.USBD_CtlPrepareRx:0000000000000000 $t
     /tmp/ccVdTnhv.s:143    .text.USBD_CtlPrepareRx:0000000000000000 USBD_CtlPrepareRx
     /tmp/ccVdTnhv.s:198    .text.USBD_CtlContinueRx:0000000000000000 $t
     /tmp/ccVdTnhv.s:205    .text.USBD_CtlContinueRx:0000000000000000 USBD_CtlContinueRx
     /tmp/ccVdTnhv.s:248    .text.USBD_CtlSendStatus:0000000000000000 $t
     /tmp/ccVdTnhv.s:255    .text.USBD_CtlSendStatus:0000000000000000 USBD_CtlSendStatus
     /tmp/ccVdTnhv.s:299    .text.USBD_CtlReceiveStatus:0000000000000000 $t
     /tmp/ccVdTnhv.s:306    .text.USBD_CtlReceiveStatus:0000000000000000 USBD_CtlReceiveStatus
     /tmp/ccVdTnhv.s:350    .text.USBD_GetRxCount:0000000000000000 $t
     /tmp/ccVdTnhv.s:357    .text.USBD_GetRxCount:0000000000000000 USBD_GetRxCount

UNDEFINED SYMBOLS
USBD_LL_Transmit
USBD_LL_PrepareReceive
USBD_LL_GetRxDataSize
